2024-01-16 17:28:01,622 INFO - C:\Users\TobyH\Downloads\1.7.10 Test Server>title Minecraft Server Console 
2024-01-16 17:28:01,624 INFO - C:\Users\TobyH\Downloads\1.7.10 Test Server>java -server -Xmx1G -jar minecraft_server.1.7.10.jar nogui 
2024-01-16 17:28:04,615 INFO - [17:28:04] [Server thread/INFO]: Starting minecraft server version 1.7.10
2024-01-16 17:28:04,624 INFO - [17:28:04] [Server thread/INFO]: Loading properties
2024-01-16 17:28:04,630 INFO - [17:28:04] [Server thread/INFO]: Default game type: SURVIVAL
2024-01-16 17:28:04,630 INFO - [17:28:04] [Server thread/INFO]: Generating keypair
2024-01-16 17:28:04,709 INFO - [17:28:04] [Server thread/INFO]: Starting Minecraft server on *:25565
2024-01-16 17:28:05,091 INFO - [17:28:05] [Server thread/INFO]: Preparing level "world"
2024-01-16 17:28:05,137 INFO - [17:28:05] [Server thread/INFO]: Preparing start region for level 0
2024-01-16 17:28:05,512 INFO - [17:28:05] [Server thread/INFO]: Done (0.420s)! For help, type "help" or "?"
2024-01-16 17:28:28,817 INFO - [17:28:28] [Server thread/INFO]: Stopping the server
2024-01-16 17:28:28,865 INFO - [17:28:28] [Server thread/INFO]: Stopping server
2024-01-16 17:28:28,866 INFO - [17:28:28] [Server thread/INFO]: Saving players
2024-01-16 17:28:28,867 INFO - [17:28:28] [Server thread/INFO]: Saving worlds
2024-01-16 17:28:28,867 INFO - [17:28:28] [Server thread/INFO]: Saving chunks for level 'world'/Overworld
2024-01-16 17:28:28,896 INFO - [17:28:28] [Server thread/INFO]: Saving chunks for level 'world'/Nether
2024-01-16 17:28:28,897 INFO - [17:28:28] [Server thread/INFO]: Saving chunks for level 'world'/The End
2024-01-16 17:28:28,984 INFO - [17:28:28] [Server Shutdown Thread/INFO]: Stopping server
2024-01-16 17:28:28,984 INFO - [17:28:28] [Server Shutdown Thread/INFO]: Saving players
2024-01-16 17:28:28,985 INFO - [17:28:28] [Server Shutdown Thread/INFO]: Saving worlds
2024-01-16 17:28:29,349 INFO - C:\Users\TobyH\Downloads\1.7.10 Test Server>PAUSE
2024-01-22 21:34:36,017 INFO - D:\1.12.2 Server>title Minecraft Server Console 
2024-01-22 21:34:36,032 INFO - D:\1.12.2 Server>java -server -Xmx2G -jar minecraft_server.1.12.2.jar nogui 
2024-01-22 21:34:38,510 INFO - [21:34:38] [Server thread/INFO]: Starting minecraft server version 1.12.2
2024-01-22 21:34:38,511 INFO - [21:34:38] [Server thread/INFO]: Loading properties
2024-01-22 21:34:38,517 INFO - [21:34:38] [Server thread/INFO]: Default game type: SURVIVAL
2024-01-22 21:34:38,518 INFO - [21:34:38] [Server thread/INFO]: Generating keypair
2024-01-22 21:34:38,593 INFO - [21:34:38] [Server thread/INFO]: Starting Minecraft server on 25.60.165.231:25565
2024-01-22 21:34:38,598 INFO - [21:34:38] [Server thread/INFO]: Using default channel type
2024-01-22 21:34:38,902 INFO - [21:34:38] [Server thread/INFO]: Preparing level "world"
2024-01-22 21:34:39,117 INFO - [21:34:39] [Server thread/INFO]: Loaded 488 advancements
2024-01-22 21:34:39,129 INFO - [21:34:39] [Server thread/INFO]: Preparing start region for level 0
2024-01-22 21:34:39,865 INFO - [21:34:39] [Server thread/INFO]: Done (0.962s)! For help, type "help" or "?"
2024-01-22 21:35:14,018 INFO - [21:35:14] [Server thread/INFO]: Stopping the server
2024-01-22 21:35:14,067 INFO - [21:35:14] [Server thread/INFO]: Stopping server
2024-01-22 21:35:14,069 INFO - [21:35:14] [Server thread/INFO]: Saving players
2024-01-22 21:35:14,069 INFO - [21:35:14] [Server thread/INFO]: Saving worlds
2024-01-22 21:35:14,070 INFO - [21:35:14] [Server thread/INFO]: Saving chunks for level 'world'/overworld
2024-01-22 21:35:14,119 INFO - [21:35:14] [Server thread/INFO]: Saving chunks for level 'world'/the_nether
2024-01-22 21:35:14,120 INFO - [21:35:14] [Server thread/INFO]: Saving chunks for level 'world'/the_end
2024-01-22 21:35:14,204 INFO - [21:35:14] [Server Shutdown Thread/INFO]: Stopping server
2024-01-22 21:35:14,561 INFO - D:\1.12.2 Server>PAUSE
2024-01-22 21:36:36,298 INFO - D:\1.12.2 Server>title Minecraft Server Console 
2024-01-22 21:36:36,299 INFO - D:\1.12.2 Server>java -server -Xmx2G -jar minecraft_server.1.12.2.jar nogui 
2024-01-22 21:36:38,731 INFO - [21:36:38] [Server thread/INFO]: Starting minecraft server version 1.12.2
2024-01-22 21:36:38,732 INFO - [21:36:38] [Server thread/INFO]: Loading properties
2024-01-22 21:36:38,738 INFO - [21:36:38] [Server thread/INFO]: Default game type: SURVIVAL
2024-01-22 21:36:38,739 INFO - [21:36:38] [Server thread/INFO]: Generating keypair
2024-01-22 21:36:38,816 INFO - [21:36:38] [Server thread/INFO]: Starting Minecraft server on 25.60.165.231:25565
2024-01-22 21:36:38,821 INFO - [21:36:38] [Server thread/INFO]: Using default channel type
2024-01-22 21:36:39,049 INFO - [21:36:39] [Server thread/INFO]: Preparing level "world"
2024-01-22 21:36:39,192 INFO - [21:36:39] [Server thread/INFO]: Loaded 488 advancements
2024-01-22 21:36:39,202 INFO - [21:36:39] [Server thread/INFO]: Preparing start region for level 0
2024-01-22 21:36:39,881 INFO - [21:36:39] [Server thread/INFO]: Done (0.832s)! For help, type "help" or "?"
2024-01-22 21:36:45,985 INFO - [21:36:45] [Server thread/INFO]: Stopping the server
2024-01-22 21:36:46,034 INFO - [21:36:46] [Server thread/INFO]: Stopping server
2024-01-22 21:36:46,715 INFO - [21:36:46] [Server thread/INFO]: Saving players
2024-01-22 21:36:46,716 INFO - [21:36:46] [Server thread/INFO]: Saving worlds
2024-01-22 21:36:46,716 INFO - [21:36:46] [Server thread/INFO]: Saving chunks for level 'world'/overworld
2024-01-22 21:36:46,758 INFO - [21:36:46] [Server thread/INFO]: Saving chunks for level 'world'/the_nether
2024-01-22 21:36:46,759 INFO - [21:36:46] [Server thread/INFO]: Saving chunks for level 'world'/the_end
2024-01-22 21:36:46,823 INFO - [21:36:46] [Server Shutdown Thread/INFO]: Stopping server
2024-01-22 21:36:47,182 INFO - D:\1.12.2 Server>PAUSE
2024-01-22 21:38:06,610 INFO - D:\1.12.2 Server>title Minecraft Server Console 
2024-01-22 21:38:06,610 INFO - D:\1.12.2 Server>java -server -Xmx2G -jar minecraft_server.1.12.2.jar nogui 
2024-01-22 21:38:09,036 INFO - [21:38:09] [Server thread/INFO]: Starting minecraft server version 1.12.2
2024-01-22 21:38:09,037 INFO - [21:38:09] [Server thread/INFO]: Loading properties
2024-01-22 21:38:09,043 INFO - [21:38:09] [Server thread/INFO]: Default game type: SURVIVAL
2024-01-22 21:38:09,043 INFO - [21:38:09] [Server thread/INFO]: Generating keypair
2024-01-22 21:38:09,112 INFO - [21:38:09] [Server thread/INFO]: Starting Minecraft server on 25.60.165.231:25565
2024-01-22 21:38:09,116 INFO - [21:38:09] [Server thread/INFO]: Using default channel type
2024-01-22 21:38:09,337 INFO - [21:38:09] [Server thread/INFO]: Preparing level "world"
2024-01-22 21:38:09,478 INFO - [21:38:09] [Server thread/INFO]: Loaded 488 advancements
2024-01-22 21:38:09,488 INFO - [21:38:09] [Server thread/INFO]: Preparing start region for level 0
2024-01-22 21:38:10,173 INFO - [21:38:10] [Server thread/INFO]: Done (0.835s)! For help, type "help" or "?"
2024-01-22 21:38:17,228 INFO - [21:38:17] [Server thread/INFO]: Stopping the server
2024-01-22 21:38:17,277 INFO - [21:38:17] [Server thread/INFO]: Stopping server
2024-01-22 21:38:17,279 INFO - [21:38:17] [Server thread/INFO]: Saving players
2024-01-22 21:38:17,279 INFO - [21:38:17] [Server thread/INFO]: Saving worlds
2024-01-22 21:38:17,280 INFO - [21:38:17] [Server thread/INFO]: Saving chunks for level 'world'/overworld
2024-01-22 21:38:17,322 INFO - [21:38:17] [Server thread/INFO]: Saving chunks for level 'world'/the_nether
2024-01-22 21:38:17,323 INFO - [21:38:17] [Server thread/INFO]: Saving chunks for level 'world'/the_end
2024-01-22 21:38:17,396 INFO - [21:38:17] [Server Shutdown Thread/INFO]: Stopping server
2024-01-22 21:38:17,396 INFO - [21:38:17] [Server Shutdown Thread/INFO]: Saving players
2024-01-22 21:38:17,397 INFO - [21:38:17] [Server Shutdown Thread/INFO]: Saving worlds
2024-01-22 21:38:17,397 INFO - [21:38:17] [Server Shutdown Thread/INFO]: Saving chunks for level 'world'/overworld
2024-01-22 21:38:17,753 INFO - D:\1.12.2 Server>PAUSE
2024-01-22 21:41:40,290 INFO - D:\1.12.2 Server>title Minecraft Server Console 
2024-01-22 21:41:40,290 INFO - D:\1.12.2 Server>java -server -Xmx2G -jar minecraft_server.1.12.2.jar nogui 
2024-01-22 21:41:42,762 INFO - [21:41:42] [Server thread/INFO]: Starting minecraft server version 1.12.2
2024-01-22 21:41:42,763 INFO - [21:41:42] [Server thread/INFO]: Loading properties
2024-01-22 21:41:42,769 INFO - [21:41:42] [Server thread/INFO]: Default game type: SURVIVAL
2024-01-22 21:41:42,769 INFO - [21:41:42] [Server thread/INFO]: Generating keypair
2024-01-22 21:41:42,849 INFO - [21:41:42] [Server thread/INFO]: Starting Minecraft server on 25.60.165.231:25565
2024-01-22 21:41:42,853 INFO - [21:41:42] [Server thread/INFO]: Using default channel type
2024-01-22 21:41:43,082 INFO - [21:41:43] [Server thread/INFO]: Preparing level "world"
2024-01-22 21:41:43,224 INFO - [21:41:43] [Server thread/INFO]: Loaded 488 advancements
2024-01-22 21:41:43,234 INFO - [21:41:43] [Server thread/INFO]: Preparing start region for level 0
2024-01-22 21:41:43,900 INFO - [21:41:43] [Server thread/INFO]: Done (0.818s)! For help, type "help" or "?"
2024-01-22 21:41:50,354 INFO - [21:41:50] [Server thread/INFO]: Stopping the server
2024-01-22 21:41:50,403 INFO - [21:41:50] [Server thread/INFO]: Stopping server
2024-01-22 21:41:50,404 INFO - [21:41:50] [Server thread/INFO]: Saving players
2024-01-22 21:41:50,405 INFO - [21:41:50] [Server thread/INFO]: Saving worlds
2024-01-22 21:41:50,405 INFO - [21:41:50] [Server thread/INFO]: Saving chunks for level 'world'/overworld
2024-01-22 21:41:50,448 INFO - [21:41:50] [Server thread/INFO]: Saving chunks for level 'world'/the_nether
2024-01-22 21:41:50,449 INFO - [21:41:50] [Server thread/INFO]: Saving chunks for level 'world'/the_end
2024-01-22 21:41:50,523 INFO - [21:41:50] [Server Shutdown Thread/INFO]: Stopping server
2024-01-22 21:41:50,524 INFO - [21:41:50] [Server Shutdown Thread/INFO]: Saving players
2024-01-22 21:41:50,879 INFO - D:\1.12.2 Server>PAUSE
2024-01-22 21:42:00,538 INFO - D:\1.12.2 Server>title Minecraft Server Console 
2024-01-22 21:42:00,538 INFO - D:\1.12.2 Server>java -server -Xmx2G -jar minecraft_server.1.12.2.jar nogui 
2024-01-22 21:42:02,788 INFO - [21:42:02] [Server thread/INFO]: Starting minecraft server version 1.12.2
2024-01-22 21:42:02,789 INFO - [21:42:02] [Server thread/INFO]: Loading properties
2024-01-22 21:42:02,795 INFO - [21:42:02] [Server thread/INFO]: Default game type: SURVIVAL
2024-01-22 21:42:02,795 INFO - [21:42:02] [Server thread/INFO]: Generating keypair
2024-01-22 21:42:02,872 INFO - [21:42:02] [Server thread/INFO]: Starting Minecraft server on 25.60.165.231:25565
2024-01-22 21:42:02,877 INFO - [21:42:02] [Server thread/INFO]: Using default channel type
2024-01-22 21:42:03,098 INFO - [21:42:03] [Server thread/INFO]: Preparing level "world"
2024-01-22 21:42:03,235 INFO - [21:42:03] [Server thread/INFO]: Loaded 488 advancements
2024-01-22 21:42:03,244 INFO - [21:42:03] [Server thread/INFO]: Preparing start region for level 0
2024-01-22 21:42:03,898 INFO - [21:42:03] [Server thread/INFO]: Done (0.800s)! For help, type "help" or "?"
2024-01-22 21:42:14,702 INFO - [21:42:14] [Server thread/INFO]: Stopping the server
2024-01-22 21:42:14,751 INFO - [21:42:14] [Server thread/INFO]: Stopping server
2024-01-22 21:42:14,752 INFO - [21:42:14] [Server thread/INFO]: Saving players
2024-01-22 21:42:14,753 INFO - [21:42:14] [Server thread/INFO]: Saving worlds
2024-01-22 21:42:14,753 INFO - [21:42:14] [Server thread/INFO]: Saving chunks for level 'world'/overworld
2024-01-22 21:42:14,795 INFO - [21:42:14] [Server thread/INFO]: Saving chunks for level 'world'/the_nether
2024-01-22 21:42:14,796 INFO - [21:42:14] [Server thread/INFO]: Saving chunks for level 'world'/the_end
2024-01-22 21:42:14,859 INFO - [21:42:14] [Server Shutdown Thread/INFO]: Stopping server
2024-01-22 21:42:14,860 INFO - [21:42:14] [Server Shutdown Thread/INFO]: Saving players
2024-01-22 21:42:14,860 INFO - [21:42:14] [Server Shutdown Thread/INFO]: Saving worlds
2024-01-22 21:42:15,217 INFO - D:\1.12.2 Server>PAUSE
2024-01-22 21:44:25,007 INFO - D:\1.12.2 Server>title Minecraft Server Console 
2024-01-22 21:44:25,008 INFO - D:\1.12.2 Server>java -server -Xmx2G -jar minecraft_server.1.12.2.jar nogui 
2024-01-22 21:44:27,394 INFO - [21:44:27] [Server thread/INFO]: Starting minecraft server version 1.12.2
2024-01-22 21:44:27,394 INFO - [21:44:27] [Server thread/INFO]: Loading properties
2024-01-22 21:44:27,399 INFO - [21:44:27] [Server thread/INFO]: Default game type: SURVIVAL
2024-01-22 21:44:27,400 INFO - [21:44:27] [Server thread/INFO]: Generating keypair
2024-01-22 21:44:27,483 INFO - [21:44:27] [Server thread/INFO]: Starting Minecraft server on 25.60.165.231:25565
2024-01-22 21:44:27,487 INFO - [21:44:27] [Server thread/INFO]: Using default channel type
2024-01-22 21:44:27,711 INFO - [21:44:27] [Server thread/INFO]: Preparing level "world"
2024-01-22 21:44:27,852 INFO - [21:44:27] [Server thread/INFO]: Loaded 488 advancements
2024-01-22 21:44:27,861 INFO - [21:44:27] [Server thread/INFO]: Preparing start region for level 0
2024-01-22 21:44:28,517 INFO - [21:44:28] [Server thread/INFO]: Done (0.805s)! For help, type "help" or "?"
2024-01-22 21:44:36,421 INFO - [21:44:36] [Server thread/INFO]: Stopping the server
2024-01-22 21:44:36,470 INFO - [21:44:36] [Server thread/INFO]: Stopping server
2024-01-22 21:44:36,471 INFO - [21:44:36] [Server thread/INFO]: Saving players
2024-01-22 21:44:36,472 INFO - [21:44:36] [Server thread/INFO]: Saving worlds
2024-01-22 21:44:36,472 INFO - [21:44:36] [Server thread/INFO]: Saving chunks for level 'world'/overworld
2024-01-22 21:44:36,516 INFO - [21:44:36] [Server thread/INFO]: Saving chunks for level 'world'/the_nether
2024-01-22 21:44:36,516 INFO - [21:44:36] [Server thread/INFO]: Saving chunks for level 'world'/the_end
2024-01-22 21:44:36,599 INFO - [21:44:36] [Server Shutdown Thread/INFO]: Stopping server
2024-01-22 21:44:36,957 INFO - D:\1.12.2 Server>PAUSE
